<?xml version="1.0" encoding="UTF-8"?>
<!-- Generated by org.testng.reporters.JUnitReportReporter -->
<testsuite hostname="DESKTOP-SN0PPP1" failures="0" tests="1" name="testng.sreamss" time="0.014" errors="0" timestamp="2021-01-06T15:29:47 IST" skipped="0">
  <testcase classname="testng.sreamss" name="f" time="0.014"/>
  <system-out/>
</testsuite> <!-- testng.sreamss -->
