<?xml version="1.0" encoding="UTF-8"?>
<!-- Generated by org.testng.reporters.JUnitReportReporter -->
<testsuite hostname="DESKTOP-SN0PPP1" failures="0" tests="1" name="testng.NewTest" time="0.026" errors="0" timestamp="2021-01-07T19:17:05 IST" skipped="0">
  <testcase classname="testng.NewTest" name="streamCollect" time="0.026"/>
  <system-out/>
</testsuite> <!-- testng.NewTest -->
