<?xml version="1.0" encoding="UTF-8"?>
<!-- Generated by org.testng.reporters.JUnitReportReporter -->
<testsuite hostname="DESKTOP-SN0PPP1" failures="0" tests="1" name="testng.Sample" time="0.011" errors="0" timestamp="2020-12-22T19:30:10 IST" skipped="0">
  <testcase classname="testng.Sample" name="f" time="0.011"/>
  <system-out/>
</testsuite> <!-- testng.Sample -->
